[0mGET / [36m304 [0m25.561 ms - -[0m
[0mGET /stylesheets/reset.css [36m304 [0m3.589 ms - -[0m
[0mGET /stylesheets/common.css [36m304 [0m4.001 ms - -[0m
[0mGET /stylesheets/index.css [36m304 [0m4.369 ms - -[0m
[0mGET /users/regist [36m304 [0m17.619 ms - -[0m
[0mGET /stylesheets/reset.css [36m304 [0m1.480 ms - -[0m
111
111
[0mGET /users/regist [36m304 [0m21.351 ms - -[0m
[0mGET /stylesheets/reset.css [36m304 [0m1.975 ms - -[0m
[0mGET /stylesheets/common.css [36m304 [0m2.053 ms - -[0m
[0mGET /stylesheets/index.css [36m304 [0m2.230 ms - -[0m
[0mGET /javascripts/jquery-1.12.3.min.js [36m304 [0m2.300 ms - -[0m
[0mGET /javascripts/tools.js [36m304 [0m2.278 ms - -[0m
[0mGET /javascripts/regist.js [36m304 [0m2.437 ms - -[0m
[0mGET /users/checkname?type=regist&username=123123 [36m304 [0m74.742 ms - -[0m
111
[0mGET / [36m304 [0m14.090 ms - -[0m
[0mGET /stylesheets/reset.css [36m304 [0m6.582 ms - -[0m
[0mGET /stylesheets/common.css [36m304 [0m8.556 ms - -[0m
[0mGET /stylesheets/index.css [36m304 [0m8.898 ms - -[0m
[0mGET /users/regist [36m304 [0m13.713 ms - -[0m
[0mGET /stylesheets/reset.css [36m304 [0m2.854 ms - -[0m
[0mGET /users/regist [36m304 [0m11.931 ms - -[0m
[0mGET /stylesheets/reset.css [36m304 [0m6.705 ms - -[0m
[0mGET /users/regist [36m304 [0m15.649 ms - -[0m
[0mGET /stylesheets/reset.css [36m304 [0m11.130 ms - -[0m
[0mGET /stylesheets/common.css [36m304 [0m9.023 ms - -[0m
[0mGET /stylesheets/index.css [36m304 [0m9.716 ms - -[0m
[0mGET /javascripts/jquery-1.12.3.min.js [36m304 [0m10.454 ms - -[0m
[0mGET /javascripts/tools.js [36m304 [0m12.252 ms - -[0m
[0mGET /javascripts/regist.js [36m304 [0m13.402 ms - -[0m
[0mGET /users/regist [36m304 [0m10.679 ms - -[0m
[0mGET /users/regist [36m304 [0m15.837 ms - -[0m
[0mGET /stylesheets/reset.css [32m200 [0m8.832 ms - 907[0m
[0mGET /users/regist [36m304 [0m15.658 ms - -[0m
[0mGET /stylesheets/reset.css [36m304 [0m8.497 ms - -[0m
[0mGET /stylesheets/common.css [36m304 [0m21.733 ms - -[0m
[0mGET /stylesheets/index.css [36m304 [0m22.585 ms - -[0m
[0mGET /javascripts/jquery-1.12.3.min.js [36m304 [0m23.041 ms - -[0m
[0mGET /javascripts/tools.js [36m304 [0m23.349 ms - -[0m
[0mGET /javascripts/regist.js [36m304 [0m23.406 ms - -[0m
[0mGET /users/regist [36m304 [0m10.803 ms - -[0m
[0mGET /users/regist [36m304 [0m12.320 ms - -[0m
[0mGET /users/regist [36m304 [0m13.319 ms - -[0m
[0mGET /users/regist [36m304 [0m11.330 ms - -[0m
[0mGET /stylesheets/reset.css [32m200 [0m4.755 ms - 907[0m
[0mGET /users/regist [36m304 [0m11.691 ms - -[0m
[0mGET /stylesheets/reset.css [36m304 [0m8.530 ms - -[0m
